<?xml version="1.0" encoding="UTF-8"?>
<!-- Generated by org.testng.reporters.JUnitReportReporter -->
<testsuite skipped="0" hostname="mtpmx872" name="demo.santander.test.Activacion_Cuenta" tests="1" failures="0" timestamp="21 mar 2018 15:30:42 GMT" time="36.624" errors="0">
  <testcase name="testActivarCuenta" time="36.624" classname="demo.santander.test.Activacion_Cuenta"/>
</testsuite> <!-- demo.santander.test.Activacion_Cuenta -->
