<?xml version="1.0" encoding="UTF-8"?>
<!-- Generated by org.testng.reporters.JUnitReportReporter -->
<testsuite skipped="0" hostname="mtpmx872" name="practicacucumber.Appium.App" tests="1" failures="0" timestamp="15 mar 2018 21:42:13 GMT" time="0.008" errors="0">
  <testcase name="Sumdos" time="0.008" classname="practicacucumber.Appium.App"/>
</testsuite> <!-- practicacucumber.Appium.App -->
