<?xml version="1.0" encoding="UTF-8"?>
<!-- Generated by org.testng.reporters.JUnitReportReporter -->
<testsuite skipped="0" hostname="mtpmx872" name="demo.santander.test.Login" tests="1" failures="0" timestamp="21 mar 2018 15:30:42 GMT" time="34.246" errors="0">
  <testcase name="testLogin" time="34.246" classname="demo.santander.test.Login"/>
</testsuite> <!-- demo.santander.test.Login -->
